<?xml version="1.0" encoding="UTF-8"?>
<!-- Generated by org.testng.reporters.JUnitReportReporter -->
<testsuite hostname="IABLR-LT155" name="runner.Runner" tests="2" failures="0" timestamp="13 Jun 2021 09:08:02 GMT" time="131.923" errors="0">
  <testcase name="feature" time="78.703" classname="runner.Runner"/>
  <testcase name="feature" time="53.220" classname="runner.Runner"/>
</testsuite> <!-- runner.Runner -->
